<?xml version="1.0" encoding="UTF-8"?>
<robot generator="Robot 7.4.2 (Python 3.11.2 on win32)" generated="2026-06-14T17:01:56.708747" rpa="false" schemaversion="5">
<suite id="s1" name="Login Test" source="C:\Users\ELCOT\OneDrive\Desktop\orangehrm-assessment\ui-tests\TestSuite\Login_Test.robot">
<test id="s1-t1" name="Open OrangeHRM Login Page" line="7">
<kw name="Open URL" owner="Login_Resource">
<kw name="Open Login Page" owner="Login">
<kw name="Open Browser" owner="SeleniumLibrary">
<msg time="2026-06-14T17:01:57.148877" level="INFO">Opening browser 'chrome' to base url 'https://opensource-demo.orangehrmlive.com'.</msg>
<arg>https://opensource-demo.orangehrmlive.com</arg>
<arg>chrome</arg>
<doc>Opens a new browser instance to the optional ``url``.</doc>
<status status="PASS" start="2026-06-14T17:01:57.148877" elapsed="5.512680"/>
</kw>
<kw name="Maximize Browser Window" owner="SeleniumLibrary">
<doc>Maximizes current browser window.</doc>
<status status="PASS" start="2026-06-14T17:02:02.663107" elapsed="0.042926"/>
</kw>
<status status="PASS" start="2026-06-14T17:01:57.148877" elapsed="5.557156"/>
</kw>
<status status="PASS" start="2026-06-14T17:01:57.148877" elapsed="5.557156"/>
</kw>
<tag>Test Suite</tag>
<status status="PASS" start="2026-06-14T17:01:57.148877" elapsed="5.559165"/>
</test>
<test id="s1-t2" name="Login Without Username" line="11">
<kw name="Login Without Username" owner="Login_Resource">
<kw name="Enter Password" owner="Login">
<kw name="Wait Until Element Is Visible" owner="SeleniumLibrary">
<arg>${PASSWORD}</arg>
<arg>10s</arg>
<doc>Waits until the element ``locator`` is visible.</doc>
<status status="PASS" start="2026-06-14T17:02:02.710051" elapsed="0.457783"/>
</kw>
<kw name="Input Text" owner="SeleniumLibrary">
<msg time="2026-06-14T17:02:03.167834" level="INFO">Typing text 'admin123' into text field 'xpath://input[@name='password']'.</msg>
<arg>${PASSWORD}</arg>
<arg>admin123</arg>
<doc>Types the given ``text`` into the text field identified by ``locator``.</doc>
<status status="PASS" start="2026-06-14T17:02:03.167834" elapsed="0.239228"/>
</kw>
<status status="PASS" start="2026-06-14T17:02:02.708042" elapsed="0.699020"/>
</kw>
<kw name="Click Login" owner="Login">
<kw name="Click Button" owner="SeleniumLibrary">
<msg time="2026-06-14T17:02:03.407062" level="INFO">Clicking button 'xpath://button[@type='submit']'.</msg>
<arg>${LOGIN_BTN}</arg>
<doc>Clicks the button identified by ``locator``.</doc>
<status status="PASS" start="2026-06-14T17:02:03.407062" elapsed="0.149949"/>
</kw>
<kw name="Sleep" owner="BuiltIn">
<msg time="2026-06-14T17:02:13.557544" level="INFO">Slept 10 seconds.</msg>
<arg>10s</arg>
<doc>Pauses the test executed for the given time.</doc>
<status status="PASS" start="2026-06-14T17:02:03.557011" elapsed="10.000533"/>
</kw>
<status status="PASS" start="2026-06-14T17:02:03.407062" elapsed="10.150482"/>
</kw>
<kw name="Wait Until Page Contains" owner="SeleniumLibrary">
<arg>Required</arg>
<arg>10s</arg>
<doc>Waits until ``text`` appears on the current page.</doc>
<status status="PASS" start="2026-06-14T17:02:13.557544" elapsed="0.029998"/>
</kw>
<kw name="Reload Page" owner="SeleniumLibrary">
<doc>Simulates user reloading page.</doc>
<status status="PASS" start="2026-06-14T17:02:13.587542" elapsed="0.454857"/>
</kw>
<status status="PASS" start="2026-06-14T17:02:02.708042" elapsed="11.334357"/>
</kw>
<tag>Test Suite</tag>
<status status="PASS" start="2026-06-14T17:02:02.708042" elapsed="11.334357"/>
</test>
<test id="s1-t3" name="Login Without Password" line="15">
<kw name="Login Without Password" owner="Login_Resource">
<kw name="Enter Username" owner="Login">
<kw name="Wait Until Element Is Visible" owner="SeleniumLibrary">
<arg>${USERNAME}</arg>
<arg>10s</arg>
<doc>Waits until the element ``locator`` is visible.</doc>
<status status="PASS" start="2026-06-14T17:02:14.042399" elapsed="0.449034"/>
</kw>
<kw name="Input Text" owner="SeleniumLibrary">
<msg time="2026-06-14T17:02:14.491433" level="INFO">Typing text 'Admin' into text field 'xpath://input[@name='username']'.</msg>
<arg>${USERNAME}</arg>
<arg>Admin</arg>
<doc>Types the given ``text`` into the text field identified by ``locator``.</doc>
<status status="PASS" start="2026-06-14T17:02:14.491433" elapsed="0.085176"/>
</kw>
<status status="PASS" start="2026-06-14T17:02:14.042399" elapsed="0.534210"/>
</kw>
<kw name="Click Login" owner="Login">
<kw name="Click Button" owner="SeleniumLibrary">
<msg time="2026-06-14T17:02:14.576609" level="INFO">Clicking button 'xpath://button[@type='submit']'.</msg>
<arg>${LOGIN_BTN}</arg>
<doc>Clicks the button identified by ``locator``.</doc>
<status status="PASS" start="2026-06-14T17:02:14.576609" elapsed="0.114367"/>
</kw>
<kw name="Sleep" owner="BuiltIn">
<msg time="2026-06-14T17:02:24.692184" level="INFO">Slept 10 seconds.</msg>
<arg>10s</arg>
<doc>Pauses the test executed for the given time.</doc>
<status status="PASS" start="2026-06-14T17:02:14.690976" elapsed="10.001208"/>
</kw>
<status status="PASS" start="2026-06-14T17:02:14.576609" elapsed="10.115575"/>
</kw>
<kw name="Wait Until Page Contains" owner="SeleniumLibrary">
<arg>Required</arg>
<arg>10s</arg>
<doc>Waits until ``text`` appears on the current page.</doc>
<status status="PASS" start="2026-06-14T17:02:24.692184" elapsed="0.011045"/>
</kw>
<kw name="Reload Page" owner="SeleniumLibrary">
<doc>Simulates user reloading page.</doc>
<status status="PASS" start="2026-06-14T17:02:24.703229" elapsed="0.449040"/>
</kw>
<status status="PASS" start="2026-06-14T17:02:14.042399" elapsed="11.109870"/>
</kw>
<tag>Test Suite</tag>
<status status="PASS" start="2026-06-14T17:02:14.042399" elapsed="11.109870"/>
</test>
<test id="s1-t4" name="Login with Valid Credentials" line="19">
<kw name="Login Application" owner="Login_Resource">
<kw name="Enter Username" owner="Login">
<kw name="Wait Until Element Is Visible" owner="SeleniumLibrary">
<arg>${USERNAME}</arg>
<arg>10s</arg>
<doc>Waits until the element ``locator`` is visible.</doc>
<status status="PASS" start="2026-06-14T17:02:25.157961" elapsed="0.436819"/>
</kw>
<kw name="Input Text" owner="SeleniumLibrary">
<msg time="2026-06-14T17:02:25.594780" level="INFO">Typing text 'Admin' into text field 'xpath://input[@name='username']'.</msg>
<arg>${USERNAME}</arg>
<arg>Admin</arg>
<doc>Types the given ``text`` into the text field identified by ``locator``.</doc>
<status status="PASS" start="2026-06-14T17:02:25.594780" elapsed="0.156142"/>
</kw>
<status status="PASS" start="2026-06-14T17:02:25.157961" elapsed="0.592961"/>
</kw>
<kw name="Enter Password" owner="Login">
<kw name="Wait Until Element Is Visible" owner="SeleniumLibrary">
<arg>${PASSWORD}</arg>
<arg>10s</arg>
<doc>Waits until the element ``locator`` is visible.</doc>
<status status="PASS" start="2026-06-14T17:02:25.752360" elapsed="0.025852"/>
</kw>
<kw name="Input Text" owner="SeleniumLibrary">
<msg time="2026-06-14T17:02:25.778212" level="INFO">Typing text 'admin123' into text field 'xpath://input[@name='password']'.</msg>
<arg>${PASSWORD}</arg>
<arg>admin123</arg>
<doc>Types the given ``text`` into the text field identified by ``locator``.</doc>
<status status="PASS" start="2026-06-14T17:02:25.778212" elapsed="0.148811"/>
</kw>
<status status="PASS" start="2026-06-14T17:02:25.750922" elapsed="0.176101"/>
</kw>
<kw name="Click Login" owner="Login">
<kw name="Click Button" owner="SeleniumLibrary">
<msg time="2026-06-14T17:02:25.927023" level="INFO">Clicking button 'xpath://button[@type='submit']'.</msg>
<arg>${LOGIN_BTN}</arg>
<doc>Clicks the button identified by ``locator``.</doc>
<status status="PASS" start="2026-06-14T17:02:25.927023" elapsed="0.112714"/>
</kw>
<kw name="Sleep" owner="BuiltIn">
<msg time="2026-06-14T17:02:36.040443" level="INFO">Slept 10 seconds.</msg>
<arg>10s</arg>
<doc>Pauses the test executed for the given time.</doc>
<status status="PASS" start="2026-06-14T17:02:26.039737" elapsed="10.000706"/>
</kw>
<status status="PASS" start="2026-06-14T17:02:25.927023" elapsed="10.113420"/>
</kw>
<kw name="Page Should Contain" owner="SeleniumLibrary">
<msg time="2026-06-14T17:02:36.059302" level="INFO">Current page contains text 'Dashboard'.</msg>
<arg>Dashboard</arg>
<arg>10s</arg>
<doc>Verifies that current page contains ``text``.</doc>
<status status="PASS" start="2026-06-14T17:02:36.040443" elapsed="0.018859"/>
</kw>
<status status="PASS" start="2026-06-14T17:02:25.152269" elapsed="10.907033"/>
</kw>
<tag>Test Suite</tag>
<status status="PASS" start="2026-06-14T17:02:25.152269" elapsed="10.907033"/>
</test>
<test id="s1-t5" name="logout from Application" line="23">
<kw name="Logout App" owner="Login_Resource">
<kw name="LogOut" owner="Login">
<kw name="Wait Until Element Is Visible" owner="SeleniumLibrary">
<arg>${PROFILE_ICON}</arg>
<arg>10s</arg>
<doc>Waits until the element ``locator`` is visible.</doc>
<status status="PASS" start="2026-06-14T17:02:36.059302" elapsed="0.027320"/>
</kw>
<kw name="Click Element" owner="SeleniumLibrary">
<msg time="2026-06-14T17:02:36.086622" level="INFO">Clicking element '//img[@alt='profile picture']/parent::span'.</msg>
<arg>${PROFILE_ICON}</arg>
<doc>Click the element identified by ``locator``.</doc>
<status status="PASS" start="2026-06-14T17:02:36.086622" elapsed="0.093025"/>
</kw>
<kw name="Wait Until Element Is Visible" owner="SeleniumLibrary">
<arg>${LOGOUT}</arg>
<arg>10s</arg>
<doc>Waits until the element ``locator`` is visible.</doc>
<status status="PASS" start="2026-06-14T17:02:36.179647" elapsed="0.047958"/>
</kw>
<status status="PASS" start="2026-06-14T17:02:36.059302" elapsed="0.168303"/>
</kw>
<status status="PASS" start="2026-06-14T17:02:36.059302" elapsed="0.168303"/>
</kw>
<tag>Test Suite</tag>
<status status="PASS" start="2026-06-14T17:02:36.059302" elapsed="0.168303"/>
</test>
<kw name="Close Browser" owner="SeleniumLibrary" type="TEARDOWN">
<doc>Closes the current browser.</doc>
<status status="PASS" start="2026-06-14T17:02:36.227605" elapsed="2.402824"/>
</kw>
<status status="PASS" start="2026-06-14T17:01:56.708747" elapsed="41.921682"/>
</suite>
<statistics>
<total>
<stat pass="5" fail="0" skip="0">All Tests</stat>
</total>
<tag>
<stat pass="5" fail="0" skip="0">Test Suite</stat>
</tag>
<suite>
<stat name="Login Test" id="s1" pass="5" fail="0" skip="0">Login Test</stat>
</suite>
</statistics>
<errors>
</errors>
</robot>
